<?xml version="1.0" encoding="UTF-8"?>
<!-- Generated by org.testng.reporters.JUnitXMLReporter -->
<testsuite ignored="0" hostname="Sachins-MBP.fios-router.home" failures="1" tests="3" name="Test" time="15.585" errors="0" timestamp="2022-02-24T13:08:53 EST">
  <testcase classname="com.mystore.testcases.IndexPageTest" name="verifyTitle" time="0.106"/>
  <testcase classname="com.mystore.testcases.IndexPageTest" name="verifyLogo" time="0.094"/>
  <testcase classname="com.mystore.testcases.IndexPageTest" name="clickSignInBtn" time="1.977">
    <failure type="java.lang.AssertionError" message="expected [Login - My Stores] but found [Login - My Store]">
      <![CDATA[java.lang.AssertionError: expected [Login - My Stores] but found [Login - My Store]
at com.mystore.testcases.IndexPageTest.clickSignInBtn(IndexPageTest.java:65)
at java.base/java.util.ArrayList.forEach(ArrayList.java:1541)
... Removed 37 stack frames]]>
    </failure>
  </testcase> <!-- clickSignInBtn -->
</testsuite> <!-- Test -->
