<?xml version="1.0" encoding="UTF-8"?>
<testsuite xmlns:xsi="http://www.w3.org/2001/XMLSchema-instance" xsi:noNamespaceSchemaLocation="https://maven.apache.org/surefire/maven-surefire-plugin/xsd/surefire-test-report.xsd" name="TestSuite" time="12.588" tests="3" errors="0" skipped="0" failures="1">
  <properties>
[...]
</properties>
  <testcase name="verifyTitle" classname="com.mystore.testcases.IndexPageTest" time="0.073"/>
  <testcase name="verifyLogo" classname="com.mystore.testcases.IndexPageTest" time="0.09"/>
  <testcase name="clickSignInBtn" classname="com.mystore.testcases.IndexPageTest" time="2.628">
    <failure message="expected [Login - My Stores] but found [Login - My Store]" type="java.lang.AssertionError">java.lang.AssertionError: expected [Login - My Stores] but found [Login - My Store]
	at com.mystore.testcases.IndexPageTest.clickSignInBtn(IndexPageTest.java:65)
</failure>
    <system-out><![CDATA[2022-02-24 14:45:38 INFO  Log:10 - =====================================clickSignInBtn TEST START=========================================
Before: Login - My Store
]]></system-out>
    <system-err><![CDATA[Starting ChromeDriver 98.0.4758.102 (273bf7ac8c909cde36982d27f66f3c70846a3718-refs/branch-heads/4758@{#1151}) on port 10510
Only local connections are allowed.
Please see https://chromedriver.chromium.org/security-considerations for suggestions on keeping ChromeDriver safe.
ChromeDriver was started successfully.
Feb 24, 2022 2:45:36 PM org.openqa.selenium.remote.ProtocolHandshake createSession
INFO: Detected dialect: W3C
]]></system-err>
  </testcase>
</testsuite>